C:\USERS\JOHNSONRA1\DOCUMENTS\GITHUB\HTTPS---GITHUB.COM-GCCJACKOFALLTRADES-CARD-WAR\WAR\WAR\DEBUG\CARD.OBJ
C:\USERS\JOHNSONRA1\DOCUMENTS\GITHUB\HTTPS---GITHUB.COM-GCCJACKOFALLTRADES-CARD-WAR\WAR\WAR\DEBUG\DECK.OBJ
C:\USERS\JOHNSONRA1\DOCUMENTS\GITHUB\HTTPS---GITHUB.COM-GCCJACKOFALLTRADES-CARD-WAR\WAR\WAR\DEBUG\GAMEMANAGER.OBJ
C:\USERS\JOHNSONRA1\DOCUMENTS\GITHUB\HTTPS---GITHUB.COM-GCCJACKOFALLTRADES-CARD-WAR\WAR\WAR\DEBUG\MAIN.OBJ
C:\USERS\JOHNSONRA1\DOCUMENTS\GITHUB\HTTPS---GITHUB.COM-GCCJACKOFALLTRADES-CARD-WAR\WAR\WAR\DEBUG\PLAYER.OBJ
C:\USERS\JOHNSONRA1\DOCUMENTS\GITHUB\HTTPS---GITHUB.COM-GCCJACKOFALLTRADES-CARD-WAR\WAR\WAR\DEBUG\VC110.PDB
C:\Users\johnsonra1\Documents\GitHub\https---github.com-gccjackofalltrades-Card-War\War\War\Debug\Card.obj
C:\Users\johnsonra1\Documents\GitHub\https---github.com-gccjackofalltrades-Card-War\War\War\Debug\Deck.obj
C:\Users\johnsonra1\Documents\GitHub\https---github.com-gccjackofalltrades-Card-War\War\War\Debug\GameManager.obj
C:\Users\johnsonra1\Documents\GitHub\https---github.com-gccjackofalltrades-Card-War\War\War\Debug\Main.obj
C:\Users\johnsonra1\Documents\GitHub\https---github.com-gccjackofalltrades-Card-War\War\War\Debug\Player.obj
C:\Users\johnsonra1\Documents\GitHub\https---github.com-gccjackofalltrades-Card-War\War\War\Debug\cl.command.1.tlog
C:\Users\johnsonra1\Documents\GitHub\https---github.com-gccjackofalltrades-Card-War\War\War\Debug\CL.read.1.tlog
C:\Users\johnsonra1\Documents\GitHub\https---github.com-gccjackofalltrades-Card-War\War\War\Debug\CL.write.1.tlog
C:\Users\johnsonra1\Documents\GitHub\https---github.com-gccjackofalltrades-Card-War\War\War\Debug\link-cvtres.read.1.tlog
C:\Users\johnsonra1\Documents\GitHub\https---github.com-gccjackofalltrades-Card-War\War\War\Debug\link-cvtres.write.1.tlog
C:\Users\johnsonra1\Documents\GitHub\https---github.com-gccjackofalltrades-Card-War\War\War\Debug\link-rc.read.1.tlog
C:\Users\johnsonra1\Documents\GitHub\https---github.com-gccjackofalltrades-Card-War\War\War\Debug\link-rc.write.1.tlog
C:\Users\johnsonra1\Documents\GitHub\https---github.com-gccjackofalltrades-Card-War\War\War\Debug\link.1552-cvtres.read.1.tlog
C:\Users\johnsonra1\Documents\GitHub\https---github.com-gccjackofalltrades-Card-War\War\War\Debug\link.1552-cvtres.write.1.tlog
C:\Users\johnsonra1\Documents\GitHub\https---github.com-gccjackofalltrades-Card-War\War\War\Debug\link.1552-rc.read.1.tlog
C:\Users\johnsonra1\Documents\GitHub\https---github.com-gccjackofalltrades-Card-War\War\War\Debug\link.1552-rc.write.1.tlog
C:\Users\johnsonra1\Documents\GitHub\https---github.com-gccjackofalltrades-Card-War\War\War\Debug\link.1552.read.1.tlog
C:\Users\johnsonra1\Documents\GitHub\https---github.com-gccjackofalltrades-Card-War\War\War\Debug\link.1552.write.1.tlog
C:\Users\johnsonra1\Documents\GitHub\https---github.com-gccjackofalltrades-Card-War\War\War\Debug\link.3148-cvtres.read.1.tlog
C:\Users\johnsonra1\Documents\GitHub\https---github.com-gccjackofalltrades-Card-War\War\War\Debug\link.3148-cvtres.write.1.tlog
C:\Users\johnsonra1\Documents\GitHub\https---github.com-gccjackofalltrades-Card-War\War\War\Debug\link.3148-rc.read.1.tlog
C:\Users\johnsonra1\Documents\GitHub\https---github.com-gccjackofalltrades-Card-War\War\War\Debug\link.3148-rc.write.1.tlog
C:\Users\johnsonra1\Documents\GitHub\https---github.com-gccjackofalltrades-Card-War\War\War\Debug\link.3148.read.1.tlog
C:\Users\johnsonra1\Documents\GitHub\https---github.com-gccjackofalltrades-Card-War\War\War\Debug\link.3148.write.1.tlog
C:\Users\johnsonra1\Documents\GitHub\https---github.com-gccjackofalltrades-Card-War\War\War\Debug\link.6348-cvtres.read.1.tlog
C:\Users\johnsonra1\Documents\GitHub\https---github.com-gccjackofalltrades-Card-War\War\War\Debug\link.6348-cvtres.write.1.tlog
C:\Users\johnsonra1\Documents\GitHub\https---github.com-gccjackofalltrades-Card-War\War\War\Debug\link.6348-rc.read.1.tlog
C:\Users\johnsonra1\Documents\GitHub\https---github.com-gccjackofalltrades-Card-War\War\War\Debug\link.6348-rc.write.1.tlog
C:\Users\johnsonra1\Documents\GitHub\https---github.com-gccjackofalltrades-Card-War\War\War\Debug\link.6348.read.1.tlog
C:\Users\johnsonra1\Documents\GitHub\https---github.com-gccjackofalltrades-Card-War\War\War\Debug\link.6348.write.1.tlog
C:\Users\johnsonra1\Documents\GitHub\https---github.com-gccjackofalltrades-Card-War\War\War\Debug\link.command.1.tlog
C:\Users\johnsonra1\Documents\GitHub\https---github.com-gccjackofalltrades-Card-War\War\War\Debug\link.read.1.tlog
C:\Users\johnsonra1\Documents\GitHub\https---github.com-gccjackofalltrades-Card-War\War\War\Debug\link.write.1.tlog
C:\Users\johnsonra1\Documents\GitHub\https---github.com-gccjackofalltrades-Card-War\War\War\Debug\vc110.idb
C:\Users\johnsonra1\Documents\GitHub\https---github.com-gccjackofalltrades-Card-War\War\War\Debug\vc110.pdb
C:\Users\johnsonra1\Documents\GitHub\https---github.com-gccjackofalltrades-Card-War\War\Debug\War.pdb
C:\Users\johnsonra1\Documents\GitHub\https---github.com-gccjackofalltrades-Card-War\War\Debug\War.exe
C:\Users\johnsonra1\Documents\GitHub\https---github.com-gccjackofalltrades-Card-War\War\Debug\War.ilk
